\BOOKMARK [1][-]{section.1}{Remote connection}{}% 1
\BOOKMARK [1][-]{section.2}{Basic orientation in the command line}{}% 2
\BOOKMARK [2][-]{subsection.2.1}{Directory navigation}{section.2}% 3
\BOOKMARK [3][-]{subsubsection.2.1.1}{Conventional directory layout}{subsection.2.1}% 4
\BOOKMARK [3][-]{subsubsection.2.1.2}{What files are present in the current directory?}{subsection.2.1}% 5
\BOOKMARK [3][-]{subsubsection.2.1.3}{Moving in and out of directories with cd}{subsection.2.1}% 6
\BOOKMARK [3][-]{subsubsection.2.1.4}{Tip}{subsection.2.1}% 7
\BOOKMARK [3][-]{subsubsection.2.1.5}{Have a look at the directory structure}{subsection.2.1}% 8
\BOOKMARK [3][-]{subsubsection.2.1.6}{Tip}{subsection.2.1}% 9
\BOOKMARK [3][-]{subsubsection.2.1.7}{Create, move and remove files and directories}{subsection.2.1}% 10
\BOOKMARK [3][-]{subsubsection.2.1.8}{Tip}{subsection.2.1}% 11
\BOOKMARK [2][-]{subsection.2.2}{Data transfer between computers}{section.2}% 12
\BOOKMARK [3][-]{subsubsection.2.2.1}{rsync}{subsection.2.2}% 13
\BOOKMARK [3][-]{subsubsection.2.2.2}{sftp/lftp}{subsection.2.2}% 14
\BOOKMARK [3][-]{subsubsection.2.2.3}{Tip}{subsection.2.2}% 15
\BOOKMARK [1][-]{section.3}{Running programs \(and the PATH variable\)}{}% 16
\BOOKMARK [2][-]{subsection.3.1}{From the \(command line\) shell}{section.3}% 17
\BOOKMARK [2][-]{subsection.3.2}{From a shell script}{section.3}% 18
\BOOKMARK [2][-]{subsection.3.3}{Writing a shell script}{section.3}% 19
\BOOKMARK [1][-]{section.4}{Retrieving basic information from common NGS files}{}% 20
\BOOKMARK [2][-]{subsection.4.1}{Look at the content of a file and search for patterns}{section.4}% 21
\BOOKMARK [2][-]{subsection.4.2}{Counting words, lines, and characters with 'wc' and searching for patterns with 'grep'}{section.4}% 22
\BOOKMARK [2][-]{subsection.4.3}{INFO on regular expressions}{section.4}% 23
\BOOKMARK [2][-]{subsection.4.4}{Combine the content of files with 'cat' and '>'}{section.4}% 24
\BOOKMARK [2][-]{subsection.4.5}{Counting filtered reads in SAM files with 'awk'}{section.4}% 25
\BOOKMARK [1][-]{section.5}{Bonus section PERL}{}% 26
\BOOKMARK [2][-]{subsection.5.1}{Variables in Perl}{section.5}% 27
\BOOKMARK [2][-]{subsection.5.2}{Assigning variables}{section.5}% 28
\BOOKMARK [2][-]{subsection.5.3}{Data types}{section.5}% 29
\BOOKMARK [2][-]{subsection.5.4}{Program flow: loops and conditionals}{section.5}% 30
\BOOKMARK [2][-]{subsection.5.5}{Reading and writing data}{section.5}% 31
\BOOKMARK [2][-]{subsection.5.6}{Regular Expressions}{section.5}% 32
\BOOKMARK [2][-]{subsection.5.7}{Various operators}{section.5}% 33
\BOOKMARK [2][-]{subsection.5.8}{A somewhat useful example}{section.5}% 34
\BOOKMARK [1][-]{section.6}{Unix cheat sheet}{}% 35
\BOOKMARK [2][-]{subsection.6.1}{FILE system}{section.6}% 36
\BOOKMARK [2][-]{subsection.6.2}{Opening FILEs and extracting information}{section.6}% 37
\BOOKMARK [2][-]{subsection.6.3}{Data transfer}{section.6}% 38
\BOOKMARK [2][-]{subsection.6.4}{Executing scripts and programs}{section.6}% 39
\BOOKMARK [2][-]{subsection.6.5}{Networking}{section.6}% 40
\BOOKMARK [2][-]{subsection.6.6}{Help}{section.6}% 41
\BOOKMARK [2][-]{subsection.6.7}{Tricks}{section.6}% 42
